2025-05-03 16:23:37,189 - CAMB_TTS - INFO - Found article file: scraped_news\Gaza_death_toll_surges_to_52_495_with_70_killed_in_past_2_days_202505031623.json
2025-05-03 16:23:37,198 - CAMB_TTS - INFO - Found article file: scraped_news\Pakistan_successfully_tests_launch_of_short_range_Abdali_ballistic_missile_202505031623.json
2025-05-03 16:23:37,199 - CAMB_TTS - INFO - Found article file: scraped_news\Pakistan_successfully_tests_launch_of_short_range_Abdali_ballistic_missile_202505031623.json
2025-05-03 16:23:37,200 - CAMB_TTS - INFO - Found article file: scraped_news\Gaza_death_toll_surges_to_52_495_with_70_killed_in_past_2_days_202505031623.json
2025-05-03 16:23:37,210 - CAMB_TTS - INFO - Found article file: scraped_news\Security_forces_kill_5_terrorists__arrest_2_in_KP_operations__ISPR_202505031623.json
2025-05-03 16:23:37,211 - CAMB_TTS - INFO - Found 5 articles to process
2025-05-03 16:23:37,211 - CAMB_TTS - INFO - Processing article: Gaza death toll surges to 52,495 with 70 killed in past 2 days
2025-05-03 16:23:37,211 - CAMB_TTS - INFO - Created script for article: Gaza death toll surges to 52,495 with 70 killed in past 2 days - Script length: 734 chars
2025-05-03 16:23:37,211 - CAMB_TTS - INFO - Sending TTS request to CAMB.AI - Text length: 734 characters
2025-05-03 16:23:37,656 - CAMB_TTS - ERROR - Error calling CAMB.AI TTS API: HTTPSConnectionPool(host='api.camb.ai', port=443): Max retries exceeded with url: /v1/synthesize (Caused by NameResolutionError("<urllib3.connection.HTTPSConnection object at 0x00000201D178F770>: Failed to resolve 'api.camb.ai' ([Errno 11001] getaddrinfo failed)"))
2025-05-03 16:23:37,656 - CAMB_TTS - ERROR - Failed to generate audio for: Gaza death toll surges to 52,495 with 70 killed in past 2 days
2025-05-03 16:23:37,656 - CAMB_TTS - INFO - Processing article: Pakistan successfully tests launch of short-range Abdali ballistic missile
2025-05-03 16:23:37,657 - CAMB_TTS - INFO - Created script for article: Pakistan successfully tests launch of short-range Abdali ballistic missile - Script length: 1357 chars
2025-05-03 16:23:37,657 - CAMB_TTS - INFO - Sending TTS request to CAMB.AI - Text length: 1357 characters
2025-05-03 16:23:37,658 - CAMB_TTS - ERROR - Error calling CAMB.AI TTS API: HTTPSConnectionPool(host='api.camb.ai', port=443): Max retries exceeded with url: /v1/synthesize (Caused by NameResolutionError("<urllib3.connection.HTTPSConnection object at 0x00000201D177B9D0>: Failed to resolve 'api.camb.ai' ([Errno 11001] getaddrinfo failed)"))
2025-05-03 16:23:37,659 - CAMB_TTS - ERROR - Failed to generate audio for: Pakistan successfully tests launch of short-range Abdali ballistic missile
2025-05-03 16:23:37,659 - CAMB_TTS - INFO - Processing article: Pakistan successfully tests launch of short-range Abdali ballistic missile
2025-05-03 16:23:37,659 - CAMB_TTS - INFO - Created script for article: Pakistan successfully tests launch of short-range Abdali ballistic missile - Script length: 1357 chars
2025-05-03 16:23:37,660 - CAMB_TTS - INFO - Sending TTS request to CAMB.AI - Text length: 1357 characters
2025-05-03 16:23:37,661 - CAMB_TTS - ERROR - Error calling CAMB.AI TTS API: HTTPSConnectionPool(host='api.camb.ai', port=443): Max retries exceeded with url: /v1/synthesize (Caused by NameResolutionError("<urllib3.connection.HTTPSConnection object at 0x00000201D1878410>: Failed to resolve 'api.camb.ai' ([Errno 11001] getaddrinfo failed)"))
2025-05-03 16:23:37,661 - CAMB_TTS - ERROR - Failed to generate audio for: Pakistan successfully tests launch of short-range Abdali ballistic missile
2025-05-03 16:23:37,661 - CAMB_TTS - INFO - Processing article: Gaza death toll surges to 52,495 with 70 killed in past 2 days
2025-05-03 16:23:37,661 - CAMB_TTS - INFO - Created script for article: Gaza death toll surges to 52,495 with 70 killed in past 2 days - Script length: 734 chars
2025-05-03 16:23:37,662 - CAMB_TTS - INFO - Sending TTS request to CAMB.AI - Text length: 734 characters
2025-05-03 16:23:37,663 - CAMB_TTS - ERROR - Error calling CAMB.AI TTS API: HTTPSConnectionPool(host='api.camb.ai', port=443): Max retries exceeded with url: /v1/synthesize (Caused by NameResolutionError("<urllib3.connection.HTTPSConnection object at 0x00000201D1878690>: Failed to resolve 'api.camb.ai' ([Errno 11001] getaddrinfo failed)"))
2025-05-03 16:23:37,663 - CAMB_TTS - ERROR - Failed to generate audio for: Gaza death toll surges to 52,495 with 70 killed in past 2 days
2025-05-03 16:23:37,663 - CAMB_TTS - INFO - Processing article: Security forces kill 5 terrorists, arrest 2 in KP operations: ISPR
2025-05-03 16:23:37,664 - CAMB_TTS - INFO - Created script for article: Security forces kill 5 terrorists, arrest 2 in KP operations: ISPR - Script length: 1082 chars
2025-05-03 16:23:37,664 - CAMB_TTS - INFO - Sending TTS request to CAMB.AI - Text length: 1082 characters
2025-05-03 16:23:37,665 - CAMB_TTS - ERROR - Error calling CAMB.AI TTS API: HTTPSConnectionPool(host='api.camb.ai', port=443): Max retries exceeded with url: /v1/synthesize (Caused by NameResolutionError("<urllib3.connection.HTTPSConnection object at 0x00000201D1878A50>: Failed to resolve 'api.camb.ai' ([Errno 11001] getaddrinfo failed)"))
2025-05-03 16:23:37,665 - CAMB_TTS - ERROR - Failed to generate audio for: Security forces kill 5 terrorists, arrest 2 in KP operations: ISPR
2025-05-03 16:25:04,287 - CAMB_TTS - INFO - Installing gTTS for fallback text-to-speech...
2025-05-03 16:28:17,969 - CAMB_TTS - INFO - Found article file: scraped_news\Gaza_death_toll_surges_to_52_495_with_70_killed_in_past_2_days_202505031623.json
2025-05-03 16:28:17,970 - CAMB_TTS - INFO - Found article file: scraped_news\Pakistan_successfully_tests_launch_of_short_range_Abdali_ballistic_missile_202505031623.json
2025-05-03 16:28:17,971 - CAMB_TTS - INFO - Found article file: scraped_news\Pakistan_successfully_tests_launch_of_short_range_Abdali_ballistic_missile_202505031623.json
2025-05-03 16:28:17,971 - CAMB_TTS - INFO - Found article file: scraped_news\Gaza_death_toll_surges_to_52_495_with_70_killed_in_past_2_days_202505031623.json
2025-05-03 16:28:17,972 - CAMB_TTS - INFO - Found article file: scraped_news\Security_forces_kill_5_terrorists__arrest_2_in_KP_operations__ISPR_202505031623.json
2025-05-03 16:28:17,972 - CAMB_TTS - INFO - Found 5 articles to process
2025-05-03 16:28:17,972 - CAMB_TTS - INFO - Processing article: Gaza death toll surges to 52,495 with 70 killed in past 2 days
2025-05-03 16:28:17,972 - CAMB_TTS - INFO - Created script for article: Gaza death toll surges to 52,495 with 70 killed in past 2 days - Script length: 734 chars
2025-05-03 16:28:17,972 - CAMB_TTS - INFO - Sending TTS request to CAMB.AI - Text length: 734 characters
2025-05-03 16:28:18,484 - CAMB_TTS - ERROR - Error calling CAMB.AI TTS API: HTTPSConnectionPool(host='api.camb.ai', port=443): Max retries exceeded with url: /v1/synthesize (Caused by NameResolutionError("<urllib3.connection.HTTPSConnection object at 0x000001490686FE00>: Failed to resolve 'api.camb.ai' ([Errno 11001] getaddrinfo failed)"))
2025-05-03 16:28:18,485 - CAMB_TTS - INFO - Falling back to gTTS for text-to-speech
2025-05-03 16:28:18,485 - CAMB_TTS - INFO - Generating speech with gTTS
2025-05-03 16:28:31,586 - CAMB_TTS - INFO - Successfully generated audio with gTTS
2025-05-03 16:28:31,587 - CAMB_TTS - INFO - Generated audio for: Gaza death toll surges to 52,495 with 70 killed in past 2 days - Saved to: news_audio\Gaza_death_toll_surges_to_52_495_with_70_killed_in_past_2_days_202505031628.mp3
2025-05-03 16:28:31,598 - CAMB_TTS - INFO - Processing article: Pakistan successfully tests launch of short-range Abdali ballistic missile
2025-05-03 16:28:31,598 - CAMB_TTS - INFO - Created script for article: Pakistan successfully tests launch of short-range Abdali ballistic missile - Script length: 1357 chars
2025-05-03 16:28:31,599 - CAMB_TTS - INFO - Sending TTS request to CAMB.AI - Text length: 1357 characters
2025-05-03 16:28:31,959 - CAMB_TTS - ERROR - Error calling CAMB.AI TTS API: HTTPSConnectionPool(host='api.camb.ai', port=443): Max retries exceeded with url: /v1/synthesize (Caused by NameResolutionError("<urllib3.connection.HTTPSConnection object at 0x0000014906863D90>: Failed to resolve 'api.camb.ai' ([Errno 11001] getaddrinfo failed)"))
2025-05-03 16:28:31,959 - CAMB_TTS - INFO - Falling back to gTTS for text-to-speech
2025-05-03 16:28:31,959 - CAMB_TTS - INFO - Generating speech with gTTS
2025-05-03 16:29:02,502 - CAMB_TTS - INFO - Successfully generated audio with gTTS
2025-05-03 16:29:02,504 - CAMB_TTS - INFO - Generated audio for: Pakistan successfully tests launch of short-range Abdali ballistic missile - Saved to: news_audio\Pakistan_successfully_tests_launch_of_short_range_Abdali_ballistic_missile_202505031629.mp3
2025-05-03 16:29:02,504 - CAMB_TTS - INFO - Processing article: Pakistan successfully tests launch of short-range Abdali ballistic missile
2025-05-03 16:29:02,504 - CAMB_TTS - INFO - Created script for article: Pakistan successfully tests launch of short-range Abdali ballistic missile - Script length: 1357 chars
2025-05-03 16:29:02,504 - CAMB_TTS - INFO - Sending TTS request to CAMB.AI - Text length: 1357 characters
2025-05-03 16:29:03,077 - CAMB_TTS - ERROR - Error calling CAMB.AI TTS API: HTTPSConnectionPool(host='api.camb.ai', port=443): Max retries exceeded with url: /v1/synthesize (Caused by NameResolutionError("<urllib3.connection.HTTPSConnection object at 0x0000014906863B10>: Failed to resolve 'api.camb.ai' ([Errno 11001] getaddrinfo failed)"))
2025-05-03 16:29:03,077 - CAMB_TTS - INFO - Falling back to gTTS for text-to-speech
2025-05-03 16:29:03,077 - CAMB_TTS - INFO - Generating speech with gTTS
2025-05-03 16:29:30,053 - CAMB_TTS - INFO - Successfully generated audio with gTTS
2025-05-03 16:29:30,054 - CAMB_TTS - INFO - Generated audio for: Pakistan successfully tests launch of short-range Abdali ballistic missile - Saved to: news_audio\Pakistan_successfully_tests_launch_of_short_range_Abdali_ballistic_missile_202505031629.mp3
2025-05-03 16:29:30,055 - CAMB_TTS - INFO - Processing article: Gaza death toll surges to 52,495 with 70 killed in past 2 days
2025-05-03 16:29:30,055 - CAMB_TTS - INFO - Created script for article: Gaza death toll surges to 52,495 with 70 killed in past 2 days - Script length: 734 chars
2025-05-03 16:29:30,055 - CAMB_TTS - INFO - Sending TTS request to CAMB.AI - Text length: 734 characters
2025-05-03 16:29:30,104 - CAMB_TTS - ERROR - Error calling CAMB.AI TTS API: HTTPSConnectionPool(host='api.camb.ai', port=443): Max retries exceeded with url: /v1/synthesize (Caused by NameResolutionError("<urllib3.connection.HTTPSConnection object at 0x000001490698CF50>: Failed to resolve 'api.camb.ai' ([Errno 11001] getaddrinfo failed)"))
2025-05-03 16:29:30,105 - CAMB_TTS - INFO - Falling back to gTTS for text-to-speech
2025-05-03 16:29:30,105 - CAMB_TTS - INFO - Generating speech with gTTS
2025-05-03 16:29:43,792 - CAMB_TTS - INFO - Successfully generated audio with gTTS
2025-05-03 16:29:43,793 - CAMB_TTS - INFO - Generated audio for: Gaza death toll surges to 52,495 with 70 killed in past 2 days - Saved to: news_audio\Gaza_death_toll_surges_to_52_495_with_70_killed_in_past_2_days_202505031629.mp3
2025-05-03 16:29:43,794 - CAMB_TTS - INFO - Processing article: Security forces kill 5 terrorists, arrest 2 in KP operations: ISPR
2025-05-03 16:29:43,794 - CAMB_TTS - INFO - Created script for article: Security forces kill 5 terrorists, arrest 2 in KP operations: ISPR - Script length: 1082 chars
2025-05-03 16:29:43,794 - CAMB_TTS - INFO - Sending TTS request to CAMB.AI - Text length: 1082 characters
2025-05-03 16:29:44,086 - CAMB_TTS - ERROR - Error calling CAMB.AI TTS API: HTTPSConnectionPool(host='api.camb.ai', port=443): Max retries exceeded with url: /v1/synthesize (Caused by NameResolutionError("<urllib3.connection.HTTPSConnection object at 0x000001490698C2D0>: Failed to resolve 'api.camb.ai' ([Errno 11001] getaddrinfo failed)"))
2025-05-03 16:29:44,086 - CAMB_TTS - INFO - Falling back to gTTS for text-to-speech
2025-05-03 16:29:44,086 - CAMB_TTS - INFO - Generating speech with gTTS
2025-05-03 16:30:04,825 - CAMB_TTS - INFO - Successfully generated audio with gTTS
2025-05-03 16:30:04,827 - CAMB_TTS - INFO - Generated audio for: Security forces kill 5 terrorists, arrest 2 in KP operations: ISPR - Saved to: news_audio\Security_forces_kill_5_terrorists__arrest_2_in_KP_operations__ISPR_202505031630.mp3
2025-05-03 16:30:04,828 - CAMB_TTS - INFO - Processed 5 articles - Summary saved to news_audio\audio_summary_202505031630.json
2025-05-03 16:47:20,207 - CAMB_TTS - INFO - Found article file: scraped_news\Gaza_death_toll_surges_to_52_495_with_70_killed_in_past_2_days_202505031647.json
2025-05-03 16:47:20,226 - CAMB_TTS - INFO - Found article file: scraped_news\Pakistan_successfully_tests_launch_of_short_range_Abdali_ballistic_missile_202505031647.json
2025-05-03 16:47:20,227 - CAMB_TTS - INFO - Found article file: scraped_news\Pakistan_successfully_tests_launch_of_short_range_Abdali_ballistic_missile_202505031647.json
2025-05-03 16:47:20,227 - CAMB_TTS - INFO - Found article file: scraped_news\Gaza_death_toll_surges_to_52_495_with_70_killed_in_past_2_days_202505031647.json
2025-05-03 16:47:20,245 - CAMB_TTS - INFO - Found article file: scraped_news\Security_forces_kill_5_terrorists__arrest_2_in_KP_operations__ISPR_202505031647.json
2025-05-03 16:47:20,245 - CAMB_TTS - INFO - Found 5 articles to process
2025-05-03 16:47:20,245 - CAMB_TTS - INFO - Processing article: Gaza death toll surges to 52,495 with 70 killed in past 2 days
2025-05-03 16:47:20,245 - CAMB_TTS - INFO - Created script for article: Gaza death toll surges to 52,495 with 70 killed in past 2 days - Script length: 734 chars
2025-05-03 16:47:20,245 - CAMB_TTS - INFO - Sending TTS request to CAMB.AI - Text length: 734 characters
2025-05-03 16:47:20,422 - CAMB_TTS - ERROR - Request to CAMB.AI failed: HTTPSConnectionPool(host='api.camb.ai', port=443): Max retries exceeded with url: /v1/synthesize (Caused by NameResolutionError("<urllib3.connection.HTTPSConnection object at 0x0000014468B5FB60>: Failed to resolve 'api.camb.ai' ([Errno 11001] getaddrinfo failed)"))
2025-05-03 16:47:20,422 - CAMB_TTS - INFO - Falling back to gTTS for text-to-speech
2025-05-03 16:47:20,422 - CAMB_TTS - INFO - Generating speech with gTTS
2025-05-03 16:47:21,453 - CAMB_TTS - INFO - Found article file: scraped_news\Gaza_death_toll_surges_to_52_495_with_70_killed_in_past_2_days_202505031647.json
2025-05-03 16:47:21,454 - CAMB_TTS - INFO - Found article file: scraped_news\Pakistan_successfully_tests_launch_of_short_range_Abdali_ballistic_missile_202505031647.json
2025-05-03 16:47:21,455 - CAMB_TTS - INFO - Found article file: scraped_news\Pakistan_successfully_tests_launch_of_short_range_Abdali_ballistic_missile_202505031647.json
2025-05-03 16:47:21,456 - CAMB_TTS - INFO - Found article file: scraped_news\Gaza_death_toll_surges_to_52_495_with_70_killed_in_past_2_days_202505031647.json
2025-05-03 16:47:21,472 - CAMB_TTS - INFO - Found article file: scraped_news\Security_forces_kill_5_terrorists__arrest_2_in_KP_operations__ISPR_202505031647.json
2025-05-03 16:47:21,473 - CAMB_TTS - INFO - Found 5 articles to process
2025-05-03 16:47:21,473 - CAMB_TTS - INFO - Processing article: Gaza death toll surges to 52,495 with 70 killed in past 2 days
2025-05-03 16:47:21,473 - CAMB_TTS - INFO - Created script for article: Gaza death toll surges to 52,495 with 70 killed in past 2 days - Script length: 734 chars
2025-05-03 16:47:21,473 - CAMB_TTS - INFO - Sending TTS request to CAMB.AI - Text length: 734 characters
2025-05-03 16:47:21,479 - CAMB_TTS - ERROR - Request to CAMB.AI failed: HTTPSConnectionPool(host='api.camb.ai', port=443): Max retries exceeded with url: /v1/synthesize (Caused by NameResolutionError("<urllib3.connection.HTTPSConnection object at 0x000002516951FB60>: Failed to resolve 'api.camb.ai' ([Errno 11001] getaddrinfo failed)"))
2025-05-03 16:47:21,479 - CAMB_TTS - INFO - Falling back to gTTS for text-to-speech
2025-05-03 16:47:21,480 - CAMB_TTS - INFO - Generating speech with gTTS
2025-05-03 16:47:34,468 - CAMB_TTS - ERROR - Error in fallback TTS: [WinError 32] The process cannot access the file because it is being used by another process: 'news_audio\\temp_audio.mp3'
2025-05-03 16:47:34,468 - CAMB_TTS - ERROR - Failed to generate audio for: Gaza death toll surges to 52,495 with 70 killed in past 2 days
2025-05-03 16:47:34,468 - CAMB_TTS - INFO - Processing article: Pakistan successfully tests launch of short-range Abdali ballistic missile
2025-05-03 16:47:34,468 - CAMB_TTS - INFO - Created script for article: Pakistan successfully tests launch of short-range Abdali ballistic missile - Script length: 1357 chars
2025-05-03 16:47:34,468 - CAMB_TTS - INFO - Sending TTS request to CAMB.AI - Text length: 1357 characters
2025-05-03 16:47:34,521 - CAMB_TTS - ERROR - Request to CAMB.AI failed: HTTPSConnectionPool(host='api.camb.ai', port=443): Max retries exceeded with url: /v1/synthesize (Caused by NameResolutionError("<urllib3.connection.HTTPSConnection object at 0x0000014468B53610>: Failed to resolve 'api.camb.ai' ([Errno 11001] getaddrinfo failed)"))
2025-05-03 16:47:34,521 - CAMB_TTS - INFO - Falling back to gTTS for text-to-speech
2025-05-03 16:47:34,521 - CAMB_TTS - INFO - Generating speech with gTTS
2025-05-03 16:47:34,595 - CAMB_TTS - ERROR - Error in fallback TTS: [WinError 32] The process cannot access the file because it is being used by another process: 'news_audio\\temp_audio.mp3'
2025-05-03 16:47:34,596 - CAMB_TTS - ERROR - Failed to generate audio for: Gaza death toll surges to 52,495 with 70 killed in past 2 days
2025-05-03 16:47:34,596 - CAMB_TTS - INFO - Processing article: Pakistan successfully tests launch of short-range Abdali ballistic missile
2025-05-03 16:47:34,596 - CAMB_TTS - INFO - Created script for article: Pakistan successfully tests launch of short-range Abdali ballistic missile - Script length: 1357 chars
2025-05-03 16:47:34,596 - CAMB_TTS - INFO - Sending TTS request to CAMB.AI - Text length: 1357 characters
2025-05-03 16:47:34,598 - CAMB_TTS - ERROR - Request to CAMB.AI failed: HTTPSConnectionPool(host='api.camb.ai', port=443): Max retries exceeded with url: /v1/synthesize (Caused by NameResolutionError("<urllib3.connection.HTTPSConnection object at 0x0000025169513610>: Failed to resolve 'api.camb.ai' ([Errno 11001] getaddrinfo failed)"))
2025-05-03 16:47:34,598 - CAMB_TTS - INFO - Falling back to gTTS for text-to-speech
2025-05-03 16:47:34,598 - CAMB_TTS - INFO - Generating speech with gTTS
2025-05-03 16:47:51,157 - CAMB_TTS - INFO - Found article file: scraped_news\Gaza_death_toll_surges_to_52_495_with_70_killed_in_past_2_days_202505031647.json
2025-05-03 16:47:51,176 - CAMB_TTS - INFO - Found article file: scraped_news\Pakistan_successfully_tests_launch_of_short_range_Abdali_ballistic_missile_202505031647.json
2025-05-03 16:47:51,177 - CAMB_TTS - INFO - Found article file: scraped_news\Pakistan_successfully_tests_launch_of_short_range_Abdali_ballistic_missile_202505031647.json
2025-05-03 16:47:51,177 - CAMB_TTS - INFO - Found article file: scraped_news\Gaza_death_toll_surges_to_52_495_with_70_killed_in_past_2_days_202505031647.json
2025-05-03 16:47:51,194 - CAMB_TTS - INFO - Found article file: scraped_news\Security_forces_kill_5_terrorists__arrest_2_in_KP_operations__ISPR_202505031647.json
2025-05-03 16:47:51,194 - CAMB_TTS - INFO - Found 5 articles to process
2025-05-03 16:47:51,194 - CAMB_TTS - INFO - Processing article: Gaza death toll surges to 52,495 with 70 killed in past 2 days
2025-05-03 16:47:51,194 - CAMB_TTS - INFO - Created script for article: Gaza death toll surges to 52,495 with 70 killed in past 2 days - Script length: 734 chars
2025-05-03 16:47:51,194 - CAMB_TTS - INFO - Sending TTS request to CAMB.AI - Text length: 734 characters
2025-05-03 16:47:51,239 - CAMB_TTS - ERROR - Request to CAMB.AI failed: HTTPSConnectionPool(host='api.camb.ai', port=443): Max retries exceeded with url: /v1/synthesize (Caused by NameResolutionError("<urllib3.connection.HTTPSConnection object at 0x0000015D3C73FB60>: Failed to resolve 'api.camb.ai' ([Errno 11001] getaddrinfo failed)"))
2025-05-03 16:47:51,239 - CAMB_TTS - INFO - Falling back to gTTS for text-to-speech
2025-05-03 16:47:51,239 - CAMB_TTS - INFO - Generating speech with gTTS
2025-05-03 16:48:02,099 - CAMB_TTS - ERROR - Error in fallback TTS: [WinError 32] The process cannot access the file because it is being used by another process: 'news_audio\\temp_audio.mp3'
2025-05-03 16:48:02,100 - CAMB_TTS - ERROR - Failed to generate audio for: Pakistan successfully tests launch of short-range Abdali ballistic missile
2025-05-03 16:48:02,100 - CAMB_TTS - INFO - Processing article: Pakistan successfully tests launch of short-range Abdali ballistic missile
2025-05-03 16:48:02,100 - CAMB_TTS - INFO - Created script for article: Pakistan successfully tests launch of short-range Abdali ballistic missile - Script length: 1357 chars
2025-05-03 16:48:02,100 - CAMB_TTS - INFO - Sending TTS request to CAMB.AI - Text length: 1357 characters
2025-05-03 16:48:02,270 - CAMB_TTS - ERROR - Request to CAMB.AI failed: HTTPSConnectionPool(host='api.camb.ai', port=443): Max retries exceeded with url: /v1/synthesize (Caused by NameResolutionError("<urllib3.connection.HTTPSConnection object at 0x0000014468B539D0>: Failed to resolve 'api.camb.ai' ([Errno 11001] getaddrinfo failed)"))
2025-05-03 16:48:02,270 - CAMB_TTS - INFO - Falling back to gTTS for text-to-speech
2025-05-03 16:48:02,270 - CAMB_TTS - INFO - Generating speech with gTTS
2025-05-03 16:48:02,414 - CAMB_TTS - ERROR - Error in fallback TTS: [WinError 32] The process cannot access the file because it is being used by another process: 'news_audio\\temp_audio.mp3'
2025-05-03 16:48:02,415 - CAMB_TTS - ERROR - Failed to generate audio for: Gaza death toll surges to 52,495 with 70 killed in past 2 days
2025-05-03 16:48:02,415 - CAMB_TTS - INFO - Processing article: Pakistan successfully tests launch of short-range Abdali ballistic missile
2025-05-03 16:48:02,415 - CAMB_TTS - INFO - Created script for article: Pakistan successfully tests launch of short-range Abdali ballistic missile - Script length: 1357 chars
2025-05-03 16:48:02,415 - CAMB_TTS - INFO - Sending TTS request to CAMB.AI - Text length: 1357 characters
2025-05-03 16:48:02,417 - CAMB_TTS - ERROR - Request to CAMB.AI failed: HTTPSConnectionPool(host='api.camb.ai', port=443): Max retries exceeded with url: /v1/synthesize (Caused by NameResolutionError("<urllib3.connection.HTTPSConnection object at 0x0000015D3C733610>: Failed to resolve 'api.camb.ai' ([Errno 11001] getaddrinfo failed)"))
2025-05-03 16:48:02,417 - CAMB_TTS - INFO - Falling back to gTTS for text-to-speech
2025-05-03 16:48:02,417 - CAMB_TTS - INFO - Generating speech with gTTS
2025-05-03 16:48:07,875 - CAMB_TTS - ERROR - Error in fallback TTS: [WinError 32] The process cannot access the file because it is being used by another process: 'news_audio\\temp_audio.mp3'
2025-05-03 16:48:07,875 - CAMB_TTS - ERROR - Failed to generate audio for: Pakistan successfully tests launch of short-range Abdali ballistic missile
2025-05-03 16:48:07,875 - CAMB_TTS - INFO - Processing article: Pakistan successfully tests launch of short-range Abdali ballistic missile
2025-05-03 16:48:07,875 - CAMB_TTS - INFO - Created script for article: Pakistan successfully tests launch of short-range Abdali ballistic missile - Script length: 1357 chars
2025-05-03 16:48:07,875 - CAMB_TTS - INFO - Sending TTS request to CAMB.AI - Text length: 1357 characters
2025-05-03 16:48:07,988 - CAMB_TTS - ERROR - Request to CAMB.AI failed: HTTPSConnectionPool(host='api.camb.ai', port=443): Max retries exceeded with url: /v1/synthesize (Caused by NameResolutionError("<urllib3.connection.HTTPSConnection object at 0x00000251695139D0>: Failed to resolve 'api.camb.ai' ([Errno 11001] getaddrinfo failed)"))
2025-05-03 16:48:07,988 - CAMB_TTS - INFO - Falling back to gTTS for text-to-speech
2025-05-03 16:48:07,988 - CAMB_TTS - INFO - Generating speech with gTTS
2025-05-03 16:48:24,318 - CAMB_TTS - ERROR - Error in fallback TTS: [WinError 32] The process cannot access the file because it is being used by another process: 'news_audio\\temp_audio.mp3'
2025-05-03 16:48:24,318 - CAMB_TTS - ERROR - Failed to generate audio for: Pakistan successfully tests launch of short-range Abdali ballistic missile
2025-05-03 16:48:24,318 - CAMB_TTS - INFO - Processing article: Pakistan successfully tests launch of short-range Abdali ballistic missile
2025-05-03 16:48:24,318 - CAMB_TTS - INFO - Created script for article: Pakistan successfully tests launch of short-range Abdali ballistic missile - Script length: 1357 chars
2025-05-03 16:48:24,319 - CAMB_TTS - INFO - Sending TTS request to CAMB.AI - Text length: 1357 characters
2025-05-03 16:48:24,359 - CAMB_TTS - ERROR - Request to CAMB.AI failed: HTTPSConnectionPool(host='api.camb.ai', port=443): Max retries exceeded with url: /v1/synthesize (Caused by NameResolutionError("<urllib3.connection.HTTPSConnection object at 0x0000015D3C7339D0>: Failed to resolve 'api.camb.ai' ([Errno 11001] getaddrinfo failed)"))
2025-05-03 16:48:24,359 - CAMB_TTS - INFO - Falling back to gTTS for text-to-speech
2025-05-03 16:48:24,360 - CAMB_TTS - INFO - Generating speech with gTTS
2025-05-03 16:48:24,553 - CAMB_TTS - ERROR - Error in fallback TTS: [WinError 32] The process cannot access the file because it is being used by another process: 'news_audio\\temp_audio.mp3'
2025-05-03 16:48:24,553 - CAMB_TTS - ERROR - Failed to generate audio for: Pakistan successfully tests launch of short-range Abdali ballistic missile
2025-05-03 16:48:24,553 - CAMB_TTS - INFO - Processing article: Gaza death toll surges to 52,495 with 70 killed in past 2 days
2025-05-03 16:48:24,553 - CAMB_TTS - INFO - Created script for article: Gaza death toll surges to 52,495 with 70 killed in past 2 days - Script length: 734 chars
2025-05-03 16:48:24,553 - CAMB_TTS - INFO - Sending TTS request to CAMB.AI - Text length: 734 characters
2025-05-03 16:48:24,555 - CAMB_TTS - ERROR - Request to CAMB.AI failed: HTTPSConnectionPool(host='api.camb.ai', port=443): Max retries exceeded with url: /v1/synthesize (Caused by NameResolutionError("<urllib3.connection.HTTPSConnection object at 0x0000014468B53610>: Failed to resolve 'api.camb.ai' ([Errno 11001] getaddrinfo failed)"))
2025-05-03 16:48:24,555 - CAMB_TTS - INFO - Falling back to gTTS for text-to-speech
2025-05-03 16:48:24,555 - CAMB_TTS - INFO - Generating speech with gTTS
2025-05-03 16:48:28,719 - CAMB_TTS - ERROR - Error in fallback TTS: [WinError 32] The process cannot access the file because it is being used by another process: 'news_audio\\temp_audio.mp3'
2025-05-03 16:48:28,719 - CAMB_TTS - ERROR - Failed to generate audio for: Pakistan successfully tests launch of short-range Abdali ballistic missile
2025-05-03 16:48:28,719 - CAMB_TTS - INFO - Processing article: Gaza death toll surges to 52,495 with 70 killed in past 2 days
2025-05-03 16:48:28,719 - CAMB_TTS - INFO - Created script for article: Gaza death toll surges to 52,495 with 70 killed in past 2 days - Script length: 734 chars
2025-05-03 16:48:28,719 - CAMB_TTS - INFO - Sending TTS request to CAMB.AI - Text length: 734 characters
2025-05-03 16:48:28,720 - CAMB_TTS - ERROR - Request to CAMB.AI failed: HTTPSConnectionPool(host='api.camb.ai', port=443): Max retries exceeded with url: /v1/synthesize (Caused by NameResolutionError("<urllib3.connection.HTTPSConnection object at 0x0000025169513610>: Failed to resolve 'api.camb.ai' ([Errno 11001] getaddrinfo failed)"))
2025-05-03 16:48:28,720 - CAMB_TTS - INFO - Falling back to gTTS for text-to-speech
2025-05-03 16:48:28,720 - CAMB_TTS - INFO - Generating speech with gTTS
2025-05-03 16:55:11,720 - CAMB_TTS - INFO - Found article file: scraped_news\Gaza_death_toll_surges_to_52_495_with_70_killed_in_past_2_days_202505031655.json
2025-05-03 16:55:11,741 - CAMB_TTS - INFO - Found article file: scraped_news\Pakistan_successfully_tests_launch_of_short_range_Abdali_ballistic_missile_202505031655.json
2025-05-03 16:55:11,742 - CAMB_TTS - INFO - Found article file: scraped_news\Pakistan_successfully_tests_launch_of_short_range_Abdali_ballistic_missile_202505031655.json
2025-05-03 16:55:11,742 - CAMB_TTS - INFO - Found article file: scraped_news\Gaza_death_toll_surges_to_52_495_with_70_killed_in_past_2_days_202505031655.json
2025-05-03 16:55:11,761 - CAMB_TTS - ERROR - Error parsing JSON from scraped_news\Security_forces_kill_5_terrorists__arrest_2_in_KP_operations__ISPR_202505031655.json
2025-05-03 16:55:11,780 - CAMB_TTS - INFO - Found article file: scraped_news\Security_forces_kill_5_terrorists__arrest_2_in_KP_operations__ISPR_202505031655.json
2025-05-03 16:55:11,780 - CAMB_TTS - INFO - Found 5 articles to process
2025-05-03 16:55:11,780 - CAMB_TTS - INFO - Processing article: Gaza death toll surges to 52,495 with 70 killed in past 2 days
2025-05-03 16:55:11,780 - CAMB_TTS - INFO - Created script for article: Gaza death toll surges to 52,495 with 70 killed in past 2 days - Script length: 734 chars
2025-05-03 16:55:11,781 - CAMB_TTS - INFO - Sending TTS request to CAMB.AI - Text length: 734 characters
2025-05-03 16:55:11,964 - CAMB_TTS - ERROR - Request to CAMB.AI failed: HTTPSConnectionPool(host='api.camb.ai', port=443): Max retries exceeded with url: /v1/synthesize (Caused by NameResolutionError("<urllib3.connection.HTTPSConnection object at 0x000002216B5FFCB0>: Failed to resolve 'api.camb.ai' ([Errno 11001] getaddrinfo failed)"))
2025-05-03 16:55:11,964 - CAMB_TTS - INFO - Falling back to gTTS for text-to-speech
2025-05-03 16:55:11,964 - CAMB_TTS - INFO - Generating speech with gTTS
2025-05-03 16:55:12,187 - CAMB_TTS - INFO - Found article file: scraped_news\Gaza_death_toll_surges_to_52_495_with_70_killed_in_past_2_days_202505031655.json
2025-05-03 16:55:12,188 - CAMB_TTS - INFO - Found article file: scraped_news\Pakistan_successfully_tests_launch_of_short_range_Abdali_ballistic_missile_202505031655.json
2025-05-03 16:55:12,189 - CAMB_TTS - INFO - Found article file: scraped_news\Pakistan_successfully_tests_launch_of_short_range_Abdali_ballistic_missile_202505031655.json
2025-05-03 16:55:12,190 - CAMB_TTS - INFO - Found article file: scraped_news\Gaza_death_toll_surges_to_52_495_with_70_killed_in_past_2_days_202505031655.json
2025-05-03 16:55:12,190 - CAMB_TTS - INFO - Found article file: scraped_news\Security_forces_kill_5_terrorists__arrest_2_in_KP_operations__ISPR_202505031655.json
2025-05-03 16:55:12,190 - CAMB_TTS - INFO - Found 5 articles to process
2025-05-03 16:55:12,190 - CAMB_TTS - INFO - Processing article: Gaza death toll surges to 52,495 with 70 killed in past 2 days
2025-05-03 16:55:12,190 - CAMB_TTS - INFO - Created script for article: Gaza death toll surges to 52,495 with 70 killed in past 2 days - Script length: 734 chars
2025-05-03 16:55:12,190 - CAMB_TTS - INFO - Sending TTS request to CAMB.AI - Text length: 734 characters
2025-05-03 16:55:12,197 - CAMB_TTS - ERROR - Request to CAMB.AI failed: HTTPSConnectionPool(host='api.camb.ai', port=443): Max retries exceeded with url: /v1/synthesize (Caused by NameResolutionError("<urllib3.connection.HTTPSConnection object at 0x0000013EF892FB60>: Failed to resolve 'api.camb.ai' ([Errno 11001] getaddrinfo failed)"))
2025-05-03 16:55:12,198 - CAMB_TTS - INFO - Falling back to gTTS for text-to-speech
2025-05-03 16:55:12,198 - CAMB_TTS - INFO - Generating speech with gTTS
2025-05-03 16:55:28,054 - CAMB_TTS - ERROR - Error in fallback TTS: [WinError 32] The process cannot access the file because it is being used by another process: 'news_audio\\temp_audio.mp3'
2025-05-03 16:55:28,054 - CAMB_TTS - ERROR - Failed to generate audio for: Gaza death toll surges to 52,495 with 70 killed in past 2 days
2025-05-03 16:55:28,055 - CAMB_TTS - INFO - Processing article: Pakistan successfully tests launch of short-range Abdali ballistic missile
2025-05-03 16:55:28,055 - CAMB_TTS - INFO - Created script for article: Pakistan successfully tests launch of short-range Abdali ballistic missile - Script length: 1357 chars
2025-05-03 16:55:28,055 - CAMB_TTS - INFO - Sending TTS request to CAMB.AI - Text length: 1357 characters
2025-05-03 16:55:28,130 - CAMB_TTS - ERROR - Request to CAMB.AI failed: HTTPSConnectionPool(host='api.camb.ai', port=443): Max retries exceeded with url: /v1/synthesize (Caused by NameResolutionError("<urllib3.connection.HTTPSConnection object at 0x0000013EF8923610>: Failed to resolve 'api.camb.ai' ([Errno 11001] getaddrinfo failed)"))
2025-05-03 16:55:28,130 - CAMB_TTS - INFO - Falling back to gTTS for text-to-speech
2025-05-03 16:55:28,130 - CAMB_TTS - INFO - Generating speech with gTTS
2025-05-03 16:55:30,552 - CAMB_TTS - ERROR - Error in fallback TTS: [WinError 32] The process cannot access the file because it is being used by another process: 'news_audio\\temp_audio.mp3'
2025-05-03 16:55:30,552 - CAMB_TTS - ERROR - Failed to generate audio for: Gaza death toll surges to 52,495 with 70 killed in past 2 days
2025-05-03 16:55:30,552 - CAMB_TTS - INFO - Processing article: Pakistan successfully tests launch of short-range Abdali ballistic missile
2025-05-03 16:55:30,552 - CAMB_TTS - INFO - Created script for article: Pakistan successfully tests launch of short-range Abdali ballistic missile - Script length: 1357 chars
2025-05-03 16:55:30,552 - CAMB_TTS - INFO - Sending TTS request to CAMB.AI - Text length: 1357 characters
2025-05-03 16:55:30,554 - CAMB_TTS - ERROR - Request to CAMB.AI failed: HTTPSConnectionPool(host='api.camb.ai', port=443): Max retries exceeded with url: /v1/synthesize (Caused by NameResolutionError("<urllib3.connection.HTTPSConnection object at 0x000002216B5F3610>: Failed to resolve 'api.camb.ai' ([Errno 11001] getaddrinfo failed)"))
2025-05-03 16:55:30,554 - CAMB_TTS - INFO - Falling back to gTTS for text-to-speech
2025-05-03 16:55:30,554 - CAMB_TTS - INFO - Generating speech with gTTS
2025-05-03 16:55:53,557 - CAMB_TTS - ERROR - Error in fallback TTS: [WinError 32] The process cannot access the file because it is being used by another process: 'news_audio\\temp_audio.mp3'
2025-05-03 16:55:53,558 - CAMB_TTS - ERROR - Failed to generate audio for: Pakistan successfully tests launch of short-range Abdali ballistic missile
2025-05-03 16:55:53,558 - CAMB_TTS - INFO - Processing article: Pakistan successfully tests launch of short-range Abdali ballistic missile
2025-05-03 16:55:53,558 - CAMB_TTS - INFO - Created script for article: Pakistan successfully tests launch of short-range Abdali ballistic missile - Script length: 1357 chars
2025-05-03 16:55:53,559 - CAMB_TTS - INFO - Sending TTS request to CAMB.AI - Text length: 1357 characters
2025-05-03 16:55:53,603 - CAMB_TTS - ERROR - Request to CAMB.AI failed: HTTPSConnectionPool(host='api.camb.ai', port=443): Max retries exceeded with url: /v1/synthesize (Caused by NameResolutionError("<urllib3.connection.HTTPSConnection object at 0x0000013EF89239D0>: Failed to resolve 'api.camb.ai' ([Errno 11001] getaddrinfo failed)"))
2025-05-03 16:55:53,603 - CAMB_TTS - INFO - Falling back to gTTS for text-to-speech
2025-05-03 16:55:53,603 - CAMB_TTS - INFO - Generating speech with gTTS
2025-05-03 16:55:56,239 - CAMB_TTS - ERROR - Error in fallback TTS: [WinError 32] The process cannot access the file because it is being used by another process: 'news_audio\\temp_audio.mp3'
2025-05-03 16:55:56,240 - CAMB_TTS - ERROR - Failed to generate audio for: Pakistan successfully tests launch of short-range Abdali ballistic missile
2025-05-03 16:55:56,240 - CAMB_TTS - INFO - Processing article: Pakistan successfully tests launch of short-range Abdali ballistic missile
2025-05-03 16:55:56,240 - CAMB_TTS - INFO - Created script for article: Pakistan successfully tests launch of short-range Abdali ballistic missile - Script length: 1357 chars
2025-05-03 16:55:56,240 - CAMB_TTS - INFO - Sending TTS request to CAMB.AI - Text length: 1357 characters
2025-05-03 16:55:56,242 - CAMB_TTS - ERROR - Request to CAMB.AI failed: HTTPSConnectionPool(host='api.camb.ai', port=443): Max retries exceeded with url: /v1/synthesize (Caused by NameResolutionError("<urllib3.connection.HTTPSConnection object at 0x000002216B5F39D0>: Failed to resolve 'api.camb.ai' ([Errno 11001] getaddrinfo failed)"))
2025-05-03 16:55:56,242 - CAMB_TTS - INFO - Falling back to gTTS for text-to-speech
2025-05-03 16:55:56,242 - CAMB_TTS - INFO - Generating speech with gTTS
2025-05-03 16:56:20,894 - CAMB_TTS - ERROR - Error in fallback TTS: Failed to connect. Probable cause: Unknown
2025-05-03 16:56:20,895 - CAMB_TTS - ERROR - Failed to generate audio for: Pakistan successfully tests launch of short-range Abdali ballistic missile
2025-05-03 16:56:20,895 - CAMB_TTS - INFO - Processing article: Gaza death toll surges to 52,495 with 70 killed in past 2 days
2025-05-03 16:56:20,895 - CAMB_TTS - INFO - Created script for article: Gaza death toll surges to 52,495 with 70 killed in past 2 days - Script length: 734 chars
2025-05-03 16:56:20,895 - CAMB_TTS - INFO - Sending TTS request to CAMB.AI - Text length: 734 characters
2025-05-03 16:56:20,950 - CAMB_TTS - ERROR - Request to CAMB.AI failed: HTTPSConnectionPool(host='api.camb.ai', port=443): Max retries exceeded with url: /v1/synthesize (Caused by NameResolutionError("<urllib3.connection.HTTPSConnection object at 0x0000013EF8923C50>: Failed to resolve 'api.camb.ai' ([Errno 11001] getaddrinfo failed)"))
2025-05-03 16:56:20,950 - CAMB_TTS - INFO - Falling back to gTTS for text-to-speech
2025-05-03 16:56:20,950 - CAMB_TTS - INFO - Generating speech with gTTS
2025-05-03 16:56:24,129 - CAMB_TTS - ERROR - Error in fallback TTS: [WinError 32] The process cannot access the file because it is being used by another process: 'news_audio\\temp_audio.mp3'
2025-05-03 16:56:24,130 - CAMB_TTS - ERROR - Failed to generate audio for: Pakistan successfully tests launch of short-range Abdali ballistic missile
2025-05-03 16:56:24,130 - CAMB_TTS - INFO - Processing article: Gaza death toll surges to 52,495 with 70 killed in past 2 days
2025-05-03 16:56:24,130 - CAMB_TTS - INFO - Created script for article: Gaza death toll surges to 52,495 with 70 killed in past 2 days - Script length: 734 chars
2025-05-03 16:56:24,130 - CAMB_TTS - INFO - Sending TTS request to CAMB.AI - Text length: 734 characters
2025-05-03 16:56:24,132 - CAMB_TTS - ERROR - Request to CAMB.AI failed: HTTPSConnectionPool(host='api.camb.ai', port=443): Max retries exceeded with url: /v1/synthesize (Caused by NameResolutionError("<urllib3.connection.HTTPSConnection object at 0x000002216B5F3610>: Failed to resolve 'api.camb.ai' ([Errno 11001] getaddrinfo failed)"))
2025-05-03 16:56:24,132 - CAMB_TTS - INFO - Falling back to gTTS for text-to-speech
2025-05-03 16:56:24,132 - CAMB_TTS - INFO - Generating speech with gTTS
2025-05-03 16:56:31,078 - CAMB_TTS - ERROR - Error in fallback TTS: [WinError 32] The process cannot access the file because it is being used by another process: 'news_audio\\temp_audio.mp3'
2025-05-03 16:56:31,078 - CAMB_TTS - ERROR - Failed to generate audio for: Gaza death toll surges to 52,495 with 70 killed in past 2 days
2025-05-03 16:56:31,078 - CAMB_TTS - INFO - Processing article: Security forces kill 5 terrorists, arrest 2 in KP operations: ISPR
2025-05-03 16:56:31,078 - CAMB_TTS - INFO - Created script for article: Security forces kill 5 terrorists, arrest 2 in KP operations: ISPR - Script length: 1082 chars
2025-05-03 16:56:31,078 - CAMB_TTS - INFO - Sending TTS request to CAMB.AI - Text length: 1082 characters
2025-05-03 16:56:31,131 - CAMB_TTS - ERROR - Request to CAMB.AI failed: HTTPSConnectionPool(host='api.camb.ai', port=443): Max retries exceeded with url: /v1/synthesize (Caused by NameResolutionError("<urllib3.connection.HTTPSConnection object at 0x0000013EF8922AD0>: Failed to resolve 'api.camb.ai' ([Errno 11001] getaddrinfo failed)"))
2025-05-03 16:56:31,132 - CAMB_TTS - INFO - Falling back to gTTS for text-to-speech
2025-05-03 16:56:31,132 - CAMB_TTS - INFO - Generating speech with gTTS
2025-05-03 16:56:34,245 - CAMB_TTS - ERROR - Error in fallback TTS: [WinError 32] The process cannot access the file because it is being used by another process: 'news_audio\\temp_audio.mp3'
2025-05-03 16:56:34,246 - CAMB_TTS - ERROR - Failed to generate audio for: Gaza death toll surges to 52,495 with 70 killed in past 2 days
2025-05-03 16:56:34,246 - CAMB_TTS - INFO - Processing article: Security forces kill 5 terrorists, arrest 2 in KP operations: ISPR
2025-05-03 16:56:34,246 - CAMB_TTS - INFO - Created script for article: Security forces kill 5 terrorists, arrest 2 in KP operations: ISPR - Script length: 1082 chars
2025-05-03 16:56:34,246 - CAMB_TTS - INFO - Sending TTS request to CAMB.AI - Text length: 1082 characters
2025-05-03 16:56:34,248 - CAMB_TTS - ERROR - Request to CAMB.AI failed: HTTPSConnectionPool(host='api.camb.ai', port=443): Max retries exceeded with url: /v1/synthesize (Caused by NameResolutionError("<urllib3.connection.HTTPSConnection object at 0x000002216B5F2FD0>: Failed to resolve 'api.camb.ai' ([Errno 11001] getaddrinfo failed)"))
2025-05-03 16:56:34,248 - CAMB_TTS - INFO - Falling back to gTTS for text-to-speech
2025-05-03 16:56:34,248 - CAMB_TTS - INFO - Generating speech with gTTS
2025-05-03 16:56:49,473 - CAMB_TTS - ERROR - Error in fallback TTS: Failed to connect. Probable cause: Unknown
2025-05-03 16:56:49,473 - CAMB_TTS - ERROR - Failed to generate audio for: Security forces kill 5 terrorists, arrest 2 in KP operations: ISPR
2025-05-03 16:56:52,256 - CAMB_TTS - INFO - Successfully generated audio with gTTS
2025-05-03 16:56:52,257 - CAMB_TTS - INFO - Generated audio for: Security forces kill 5 terrorists, arrest 2 in KP operations: ISPR - Saved to: news_audio\Security_forces_kill_5_terrorists__arrest_2_in_KP_operations__ISPR_202505031656.mp3
2025-05-03 16:56:52,268 - CAMB_TTS - INFO - Processed 1 articles - Summary saved to news_audio\audio_summary_202505031656.json
