2025-05-03 15:14:41,461 - DawnScraper - INFO - Dawn News Scraper initialized
2025-05-03 15:14:41,462 - DawnScraper - INFO - Scheduled scraping job to run every hour
2025-05-03 15:14:41,463 - DawnScraper - INFO - Starting Dawn News scraping job
2025-05-03 15:14:44,367 - DawnScraper - INFO - Found 181 headlines
2025-05-03 15:14:45,715 - DawnScraper - INFO - Saved article: 
2025-05-03 15:14:47,773 - DawnScraper - INFO - Saved article: 
2025-05-03 15:14:49,068 - DawnScraper - INFO - Saved article: 
2025-05-03 15:14:51,052 - DawnScraper - INFO - Saved article: 
2025-05-03 15:14:52,392 - DawnScraper - INFO - Saved article: 
2025-05-03 15:14:52,392 - DawnScraper - INFO - Successfully scraped 5 articles
2025-05-03 15:18:53,877 - DawnScraper - INFO - Dawn News Scraper initialized
2025-05-03 15:18:53,913 - DawnScraper - INFO - Scheduled scraping job to run every hour
2025-05-03 15:18:53,913 - DawnScraper - INFO - Starting Dawn News scraping job
2025-05-03 15:18:56,311 - DawnScraper - INFO - Found 183 headlines
2025-05-03 15:18:58,250 - DawnScraper - INFO - Saving article: Gaza journalists killed banner
2025-05-03 15:18:58,288 - DawnScraper - INFO - Saved article: Gaza journalists killed banner
2025-05-03 15:18:59,594 - DawnScraper - INFO - Saving article: Pakistan successfully tests launch of short-range Abdali ballistic missile
2025-05-03 15:18:59,596 - DawnScraper - INFO - Saved article: Pakistan successfully tests launch of short-range Abdali ballistic missile
2025-05-03 15:19:01,875 - DawnScraper - INFO - Saving article: Pakistan envoy to US calls on world to resolve Kashmir dispute, terms it ‘core issue’ of enmity with India
2025-05-03 15:19:01,913 - DawnScraper - INFO - Saved article: Pakistan envoy to US calls on world to resolve Kashmir dispute, terms it ‘core issue’ of enmity with India
2025-05-03 15:19:03,185 - DawnScraper - INFO - Saving article: Security forces kill 5 terrorists, arrest 2 in KP operations: ISPR
2025-05-03 15:19:03,187 - DawnScraper - INFO - Saved article: Security forces kill 5 terrorists, arrest 2 in KP operations: ISPR
2025-05-03 15:19:05,169 - DawnScraper - INFO - Saving article: Children among 11 killed in Israel strike: Gaza civil defence
2025-05-03 15:19:05,171 - DawnScraper - INFO - Saved article: Children among 11 killed in Israel strike: Gaza civil defence
2025-05-03 15:19:05,172 - DawnScraper - INFO - Successfully scraped 5 articles
